<?xml version="1.0" encoding="UTF-8"?>
<!-- Generated by org.testng.reporters.JUnitXMLReporter -->
<testsuite ignored="2" hostname="Kajal-PC" failures="0" tests="7" name="Regression" time="58.019" errors="0" timestamp="2022-02-08T21:17:32 EST">
  <testcase classname="com.salesforce.test.login.LoginTest" name="emptyPasswordTest" time="1.085"/>
  <testcase classname="com.salesforce.test.login.LoginTest" name="forgotPasswordTest" time="1.498"/>
  <testcase classname="com.salesforce.test.login.LoginTest" name="invalidLoginTest" time="1.412"/>
  <testcase classname="com.salesforce.test.login.LoginTest" name="rememberMeLoginTest" time="5.493"/>
  <testcase classname="com.salesforce.test.login.LoginTest" name="validLoginTest" time="3.692"/>
  <testcase classname="com.salesforce.test.usermenu.UserMenuTest" name="clickLogoutMenuTest" time="2.105"/>
  <testcase classname="com.salesforce.test.usermenu.UserMenuTest" name="userNavigationTest" time="1.845"/>
  <testcase classname="com.salesforce.base.BaseTest" name="@AfterTest endUp" time="0.0">
    <ignored/>
  </testcase> <!-- @AfterTest endUp -->
  <testcase classname="com.salesforce.base.BaseTest" name="@BeforeTest setUp" time="0.0">
    <ignored/>
  </testcase> <!-- @BeforeTest setUp -->
</testsuite> <!-- Regression -->
