<?xml version="1.0" encoding="UTF-8"?>
<testsuite xmlns:xsi="http://www.w3.org/2001/XMLSchema-instance" xsi:schemaLocation="https://maven.apache.org/surefire/maven-surefire-plugin/xsd/surefire-test-report.xsd" name="TestSuite" time="58.689" tests="7" errors="0" skipped="0" failures="0">
  <properties>
[...]
</properties>
  <testcase name="emptyPasswordTest" classname="com.salesforce.test.login.LoginTest" time="1.089"/>
  <testcase name="forgotPasswordTest" classname="com.salesforce.test.login.LoginTest" time="1.493"/>
  <testcase name="invalidLoginTest" classname="com.salesforce.test.login.LoginTest" time="1.384"/>
  <testcase name="rememberMeLoginTest" classname="com.salesforce.test.login.LoginTest" time="5.488"/>
  <testcase name="validLoginTest" classname="com.salesforce.test.login.LoginTest" time="3.687"/>
  <testcase name="clickLogoutMenuTest" classname="com.salesforce.test.usermenu.UserMenuTest" time="2.11"/>
  <testcase name="userNavigationTest" classname="com.salesforce.test.usermenu.UserMenuTest" time="1.85"/>
</testsuite>